c:\users\joe\documents\old docs\joe\documents\visual studio 2013\projects\game\game\debug\vc120.pdb
c:\users\joe\documents\old docs\joe\documents\visual studio 2013\projects\game\game\debug\vc120.idb
c:\users\joe\documents\old docs\joe\documents\visual studio 2013\projects\game\game\debug\main.obj
c:\users\joe\documents\old docs\joe\documents\visual studio 2013\projects\game\game\debug\othelloboard.obj
c:\users\joe\documents\old docs\joe\documents\visual studio 2013\projects\game\game\debug\othellomove.obj
c:\users\joe\documents\old docs\joe\documents\visual studio 2013\projects\game\game\debug\othelloview.obj
c:\users\joe\documents\old docs\joe\documents\visual studio 2013\projects\game\game\debug\tictactoeboard.obj
c:\users\joe\documents\old docs\joe\documents\visual studio 2013\projects\game\game\debug\tictactoemove.obj
c:\users\joe\documents\old docs\joe\documents\visual studio 2013\projects\game\game\debug\tictactoeview.obj
c:\users\joe\documents\old docs\joe\documents\visual studio 2013\projects\game\game\debug\vc140.pdb
c:\users\joe\documents\old docs\joe\documents\visual studio 2013\projects\game\game\debug\vc140.idb
c:\users\joe\documents\old docs\joe\documents\visual studio 2013\projects\game\debug\game.ilk
c:\users\joe\documents\old docs\joe\documents\visual studio 2013\projects\game\debug\game.exe
c:\users\joe\documents\old docs\joe\documents\visual studio 2013\projects\game\debug\game.pdb
c:\users\joe\documents\old docs\joe\documents\visual studio 2013\projects\game\game\debug\game.tlog\cl.command.1.tlog
c:\users\joe\documents\old docs\joe\documents\visual studio 2013\projects\game\game\debug\game.tlog\cl.read.1.tlog
c:\users\joe\documents\old docs\joe\documents\visual studio 2013\projects\game\game\debug\game.tlog\cl.write.1.tlog
c:\users\joe\documents\old docs\joe\documents\visual studio 2013\projects\game\game\debug\game.tlog\link.command.1.tlog
c:\users\joe\documents\old docs\joe\documents\visual studio 2013\projects\game\game\debug\game.tlog\link.read.1.tlog
c:\users\joe\documents\old docs\joe\documents\visual studio 2013\projects\game\game\debug\game.tlog\link.write.1.tlog
