Build started 10/27/2016 3:28:46 PM.
     1>Project "C:\Users\Joe\Documents\Old Docs\joe\Documents\Visual Studio 2013\Projects\Game\Game\Game.vcxproj" on node 2 (Rebuild target(s)).
     1>ClCompile:
         C:\Program Files (x86)\Microsoft Visual Studio 14.0\VC\bin\CL.exe /c /ZI /nologo /W4 /WX- /sdl /Od /Oy- /D WIN32 /D _DEBUG /D _CONSOLE /D _LIB /D _UNICODE /D UNICODE /Gm /EHsc /RTC1 /MDd /GS /fp:precise /Zc:wchar_t /Zc:forScope /Zc:inline /Fo"Debug\\" /Fd"Debug\vc140.pdb" /Gd /TP /analyze- /errorReport:prompt main.cpp OthelloBoard.cpp OthelloMove.cpp OthelloView.cpp TicTacToeBoard.cpp TicTacToeMove.cpp TicTacToeView.cpp
         TicTacToeView.cpp
         TicTacToeMove.cpp
         TicTacToeBoard.cpp
         OthelloView.cpp
         OthelloMove.cpp
         OthelloBoard.cpp
         main.cpp
         Generating Code...
       Link:
         C:\Program Files (x86)\Microsoft Visual Studio 14.0\VC\bin\link.exe /ERRORREPORT:PROMPT /OUT:"C:\Users\Joe\Documents\Old Docs\joe\Documents\Visual Studio 2013\Projects\Game\Debug\Game.exe" /INCREMENTAL /NOLOGO kernel32.lib user32.lib gdi32.lib winspool.lib comdlg32.lib advapi32.lib shell32.lib ole32.lib oleaut32.lib uuid.lib odbc32.lib odbccp32.lib /MANIFEST /MANIFESTUAC:"level='asInvoker' uiAccess='false'" /manifest:embed /Debug /PDB:"C:\Users\Joe\Documents\Old Docs\joe\Documents\Visual Studio 2013\Projects\Game\Debug\Game.pdb" /SUBSYSTEM:CONSOLE /TLBID:1 /DYNAMICBASE /NXCOMPAT /IMPLIB:"C:\Users\Joe\Documents\Old Docs\joe\Documents\Visual Studio 2013\Projects\Game\Debug\Game.lib" /MACHINE:X86 Debug\main.obj
         Debug\OthelloBoard.obj
         Debug\OthelloMove.obj
         Debug\OthelloView.obj
         Debug\TicTacToeBoard.obj
         Debug\TicTacToeMove.obj
         Debug\TicTacToeView.obj
         Game.vcxproj -> C:\Users\Joe\Documents\Old Docs\joe\Documents\Visual Studio 2013\Projects\Game\Debug\Game.exe
     1>Done Building Project "C:\Users\Joe\Documents\Old Docs\joe\Documents\Visual Studio 2013\Projects\Game\Game\Game.vcxproj" (Rebuild target(s)).

Build succeeded.

Time Elapsed 00:00:07.84
